make.exe all --print-data-base --no-builtin-variables --no-builtin-rules --question
File not found - *.c

File not found - *.c

File not found - *.asm

make: *** No rule to make target 'all'.  Stop.

# GNU Make 4.3
# Built for Windows32
# Copyright (C) 1988-2020 Free Software Foundation, Inc.
# License GPLv3+: GNU GPL version 3 or later <http://gnu.org/licenses/gpl.html>
# This is free software: you are free to change and redistribute it.
# There is NO WARRANTY, to the extent permitted by law.

# Make data base, printed on Wed Jun 08 16:22:18 2022

# Variables

# environment
SYSTEMDRIVE = C:
# environment
LC_ALL = C
# environment
USERPROFILE = C:\Users\Tolek
# makefile (from 'makefile', line 10)
x86_64_object_files := $(subst ,, )
# environment
LOCALAPPDATA = C:\Users\Tolek\AppData\Local
# makefile (from 'makefile', line 4)
x86_64_c_source_files := 
# environment
VSCODE_IPC_HOOK_EXTHOST = \\.\pipe\vscode-ipc-2b8c91d4-3a96-4a1c-bfbf-954632cdbe38-sock
# environment
VSCODE_CWD = C:\Users\Tolek\AppData\Local\Programs\Microsoft VS Code
# environment
SYSTEMROOT = C:\Windows
# makefile (from 'makefile', line 1)
kernel_source_files := 
# environment
PROCESSOR_LEVEL = 6
# environment
PSMODULEPATH = C:\Program Files\WindowsPowerShell\Modules;C:\Windows\system32\WindowsPowerShell\v1.0\Modules
# default
MAKE_COMMAND := make.exe
# automatic
@D = $(patsubst %/,%,$(patsubst %\,%,$(dir $@)))
# environment
CHROME_CRASHPAD_PIPE_NAME = \\.\pipe\crashpad_6108_MLVDXSLRVEUHZIXE
# environment
VSCODE_HANDLES_UNCAUGHT_ERRORS = true
# default
.VARIABLES := 
# automatic
%D = $(patsubst %/,%,$(patsubst %\,%,$(dir $%)))
# automatic
^D = $(patsubst %/,%,$(patsubst %\,%,$(dir $^)))
# environment
VSCODE_LOG_STACK = false
# automatic
%F = $(notdir $%)
# environment
VSCODE_CODE_CACHE_PATH = C:\Users\Tolek\AppData\Roaming\Code\CachedData\c3511e6c69bb39013c4a4b7b9566ec1ca73fc4d5
# environment
LANG = C
# default
.LOADED := 
# environment
TMP = C:\Users\Tolek\AppData\Local\Temp
# default
.INCLUDE_DIRS = .
# makefile (from 'makefile', line 7)
x86_64_asm_source_files := 
# makefile
MAKEFLAGS = pqrR
# environment
ONEDRIVE = C:\Users\Tolek\OneDrive
# makefile
CURDIR := c:/Users/Tolek/Documents/Projects/os
# environment
VSCODE_PIPE_LOGGING = true
# environment
APPLICATION_INSIGHTS_NO_DIAGNOSTIC_CHANNEL = 1
# automatic
*D = $(patsubst %/,%,$(patsubst %\,%,$(dir $*)))
# environment
PROGRAMFILES = C:\Program Files
# environment
MFLAGS = -pqrR
# default
.SHELLFLAGS := -c
# environment
COMMONPROGRAMW6432 = C:\Program Files\Common Files
# automatic
+D = $(patsubst %/,%,$(patsubst %\,%,$(dir $+)))
# makefile (from 'makefile', line 1)
MAKEFILE_LIST := makefile
# automatic
@F = $(notdir $@)
# environment
VSCODE_VERBOSE_LOGGING = true
# environment
VSCODE_PID = 6108
# automatic
?D = $(patsubst %/,%,$(patsubst %\,%,$(dir $?)))
# automatic
*F = $(notdir $*)
# automatic
<D = $(patsubst %/,%,$(patsubst %\,%,$(dir $<)))
# environment
VSCODE_NLS_CONFIG = {"locale":"en-gb","availableLanguages":{},"_languagePackSupport":true}
# environment
ONEDRIVECONSUMER = C:\Users\Tolek\OneDrive
# default
MAKE_HOST := Windows32
# environment
PROGRAMDATA = C:\ProgramData
# default
SHELL := sh.exe
# environment
HOMEPATH = \Users\Tolek
# default
MAKECMDGOALS := all
# environment
DRIVERDATA = C:\Windows\System32\Drivers\DriverData
# environment
COMSPEC = C:\Windows\system32\cmd.exe
# environment
WINDIR = C:\Windows
# environment
MAKELEVEL := 0
# default
MAKE = $(MAKE_COMMAND)
# environment
PATH = C:\Program Files\Common Files\Oracle\Java\javapath;C:\Windows\system32;C:\Windows;C:\Windows\System32\Wbem;C:\Windows\System32\WindowsPowerShell\v1.0\;C:\Windows\System32\OpenSSH\;C:\Program Files\Git\cmd;C:\Program Files\nodejs\;C:\Program Files\Docker\Docker\resources\bin;C:\ProgramData\DockerDesktop\version-bin;C:\Program Files\qemu\;C:\Program Files (x86)\Yarn\bin\;C:\Program Files\dotnet\;C:\Users\Tolek\AppData\Local\Programs\Python\Python39\Scripts\;C:\Users\Tolek\AppData\Local\Programs\Python\Python39\;C:\Users\Tolek\AppData\Local\Programs\Python\Python310\Scripts\;C:\Users\Tolek\AppData\Local\Programs\Python\Python310\;C:\Program Files\qemu;C:\Program Files\Common Files\Oracle\Java\javapath;C:\Program Files\Git\cmd;C:\Program Files\nodejs\;C:\Program Files\Docker\Docker\resources\bin;C:\ProgramData\DockerDesktop\version-bin;C:\MinGW\bin;C:\Program Files\CMake\bin;C:\Users\Tolek\AppData\Local\Programs\Microsoft VS Code\bin;C:\Users\Tolek\AppData\Local\Yarn\bin;C:\Users\Tolek\AppData\Roaming\npm;C:\Users\Tolek\.dotnet\tools;C:\Program Files\Java\jdk-16.0.2\bin;
# environment
ZES_ENABLE_SYSMAN = 1
# environment
COMPUTERNAME = DESKTOP-0LDD1L6
# default
MAKEFILES := 
# automatic
^F = $(notdir $^)
# environment
PROMPT = $P$G
# environment
LOGONSERVER = \\DESKTOP-0LDD1L6
# makefile (from 'makefile', line 5)
x86_64_c_object_files := 
# environment
VSCODE_LOG_NATIVE = false
# environment
USERNAME = Tolek
# environment
COMMONPROGRAMFILES = C:\Program Files\Common Files
# automatic
?F = $(notdir $?)
# environment
PROGRAMW6432 = C:\Program Files
# environment
PATHEXT = .COM;.EXE;.BAT;.CMD;.VBS;.VBE;.JS;.JSE;.WSF;.WSH;.MSC
# automatic
+F = $(notdir $+)
# environment
ORIGINAL_XDG_CURRENT_DESKTOP = undefined
# environment
USERDOMAIN = DESKTOP-0LDD1L6
# 'override' directive
GNUMAKEFLAGS := 
# environment
OS = Windows_NT
# makefile (from 'makefile', line 2)
kernel_object_files := 
# makefile
.DEFAULT_GOAL := build-x86_64
# makefile (from 'makefile', line 8)
x86_64_asm_object_files := 
# default
MAKE_VERSION := 4.3
# 'override' directive
.SHELLSTATUS := 2
# environment
PROGRAMFILES(X86) = C:\Program Files (x86)
# environment
USERDOMAIN_ROAMINGPROFILE = DESKTOP-0LDD1L6
# environment
NUMBER_OF_PROCESSORS = 4
# environment
PUBLIC = C:\Users\Public
# environment
APPDATA = C:\Users\Tolek\AppData\Roaming
# environment
HOMEDRIVE = C:
# environment
PROCESSOR_ARCHITECTURE = AMD64
# environment
VSCODE_AMD_ENTRYPOINT = vs/workbench/api/node/extensionHostProcess
# environment
COMMONPROGRAMFILES(X86) = C:\Program Files (x86)\Common Files
# environment
ELECTRON_RUN_AS_NODE = 1
# environment
TEMP = C:\Users\Tolek\AppData\Local\Temp
# environment
VSCODE_IPC_HOOK = \\.\pipe\5519f9453303992ac7231352ca97bf54-1.67.2-main-sock
# default
.RECIPEPREFIX := 
# automatic
<F = $(notdir $<)
# default
SUFFIXES := 
# environment
ALLUSERSPROFILE = C:\ProgramData
# environment
SESSIONNAME = Console
# default
.FEATURES := target-specific order-only second-expansion else-if shortest-stem undefine oneshell nocomment grouped-target extra-prereqs archives jobserver output-sync load
# environment
PROCESSOR_REVISION = 8e09
# environment
PROCESSOR_IDENTIFIER = Intel64 Family 6 Model 142 Stepping 9, GenuineIntel
# variable set hash-table stats:
# Load=101/1024=10%, Rehash=0, Collisions=15/152=10%

# Pattern-specific Variable Values

# No pattern-specific variable values.

# Directories

# . (key c:/Users/Tolek/Documents/Projects/os, mtime 1640171349): 11 files, no impossibilities.

# 11 files, no impossibilities in 1 directories.

# Implicit Rules

# No implicit rules.

# Files

build-x86_64:
#  Phony target (prerequisite of .PHONY).
#  Implicit rule search has not been done.
#  File does not exist.
#  File has not been updated.
#  recipe to execute (from 'makefile', line 26):
	rm -Rf dist/ && \
	mkdir -p dist/x86_64 && \
	x86_64-elf-ld -n -o dist/x86_64/kernel.bin -T targets/x86_64/linker.ld $(kernel_object_files) $(x86_64_object_files) && \
	cp dist/x86_64/kernel.bin targets/x86_64/iso/boot/kernel.bin && \
	grub-mkrescue /usr/lib/grub/i386-pc -o dist/x86_64/kernel.iso targets/x86_64/iso

# Not a target:
.DEFAULT:
#  Implicit rule search has not been done.
#  Modification time never checked.
#  File has not been updated.

# Not a target:
all:
#  Command line target.
#  Implicit rule search has been done.
#  File does not exist.
#  File has not been updated.

# Not a target:
makefile:
#  Implicit rule search has been done.
#  Last modified 2021-04-27 19:13:34
#  File has been updated.
#  Successfully updated.

.PHONY: build-x86_64
#  Implicit rule search has not been done.
#  Modification time never checked.
#  File has not been updated.

# files hash-table stats:
# Load=6/1024=1%, Rehash=0, Collisions=0/18=0%
# VPATH Search Paths

# No 'vpath' search paths.

# No general ('VPATH' variable) search path.

# strcache buffers: 1 (0) / strings = 16 / storage = 116 B / avg = 7 B
# current buf: size = 8162 B / used = 116 B / count = 16 / avg = 7 B

# strcache performance: lookups = 23 / hit rate = 30%
# hash-table stats:
# Load=16/8192=0%, Rehash=0, Collisions=0/23=0%
# Finished Make data base on Wed Jun 08 16:22:18 2022

 
